<?xml version="1.0" encoding="UTF-8"?>
<!-- Generated by org.testng.reporters.JUnitXMLReporter -->
<testsuite ignored="0" hostname="kabulcs" failures="2" tests="2" name="Testing the application" time="0.042" errors="0" timestamp="2023-06-04T18:56:01 CDT">
  <testcase classname="testCase.HomeTest" name="ab" time="0.014">
    <failure type="java.lang.NullPointerException" message="Cannot invoke &amp;quot;com.aventstack.extentreports.ExtentTest.createNode(String)&amp;quot; because &amp;quot;utilities.reports.ExtentManager.test&amp;quot; is null">
      <![CDATA[java.lang.NullPointerException: Cannot invoke "com.aventstack.extentreports.ExtentTest.createNode(String)" because "utilities.reports.ExtentManager.test" is null
at testCase.HomeTest.ab(HomeTest.java:16)
at java.base/java.util.ArrayList.forEach(ArrayList.java:1511)
... Removed 25 stack frames]]>
    </failure>
  </testcase> <!-- ab -->
  <testcase classname="testCase.HomeTest" name="hamid" time="0.001">
    <failure type="java.lang.NullPointerException" message="Cannot invoke &amp;quot;com.aventstack.extentreports.ExtentTest.createNode(String)&amp;quot; because &amp;quot;utilities.reports.ExtentManager.test&amp;quot; is null">
      <![CDATA[java.lang.NullPointerException: Cannot invoke "com.aventstack.extentreports.ExtentTest.createNode(String)" because "utilities.reports.ExtentManager.test" is null
at testCase.HomeTest.hamid(HomeTest.java:27)
at java.base/java.util.ArrayList.forEach(ArrayList.java:1511)
... Removed 25 stack frames]]>
    </failure>
  </testcase> <!-- hamid -->
</testsuite> <!-- Testing the application -->
