<?xml version="1.0" encoding="UTF-8"?>
<!-- Generated by org.testng.reporters.JUnitXMLReporter -->
<testsuite ignored="0" hostname="kabulcs" failures="2" tests="7" name="Test123" time="3.405" errors="0" timestamp="2023-06-11T16:19:49 CDT">
  <testcase classname="testCase.HomeTest" name="goInverntory" time="0.01">
    <failure type="java.lang.AssertionError" message="null">
      <![CDATA[java.lang.AssertionError: null
at testCase.HomeTest.goInverntory(HomeTest.java:85)
at java.base/java.util.ArrayList.forEach(ArrayList.java:1511)
... Removed 27 stack frames]]>
    </failure>
  </testcase> <!-- goInverntory -->
  <testcase classname="testCase.HomeTest" name="verifyHomePage" time="0.021">
    <failure type="java.lang.AssertionError" message="null">
      <![CDATA[java.lang.AssertionError: null
at testCase.HomeTest.verifyHomePage(HomeTest.java:24)
at java.base/java.util.ArrayList.forEach(ArrayList.java:1511)
... Removed 27 stack frames]]>
    </failure>
  </testcase> <!-- verifyHomePage -->
  <testcase classname="testCase.HomeTest" name="logOut" time="0.001"/>
  <testcase classname="testCase.HomeTest" name="test2" time="0.001"/>
  <testcase classname="testCase.HomeTest" name="test3" time="0.002"/>
  <testcase classname="testCase.HomeTest" name="searchVehicle" time="3.315"/>
  <testcase classname="testCase.HomeTest" name="test1" time="0.007"/>
</testsuite> <!-- Test123 -->
